Deleted old file: test_cleanup/old.txt
Deleted old file: test_cleanup/old.txt
Watching for file changes with StatReloader
"GET /api/dashboard/ HTTP/1.1" 301 0
Watching for file changes with StatReloader
Watching for file changes with StatReloader
Watching for file changes with StatReloader
Watching for file changes with StatReloader
Watching for file changes with StatReloader
D:\codebre\Samsung Health\samsunghealth_radeshkk_20250511020679\health-dashboard\backend\health_data\utils.py changed, reloading.
Watching for file changes with StatReloader
Watching for file changes with StatReloader
Watching for file changes with StatReloader
D:\codebre\Samsung Health\samsunghealth_radeshkk_20250511020679\health-dashboard\backend\health_data\utils.py changed, reloading.
Watching for file changes with StatReloader
Could not initialize magic with MIME type detection: module 'magic' has no attribute 'Magic'
D:\codebre\Samsung Health\samsunghealth_radeshkk_20250511020679\health-dashboard\backend\health_data\utils.py changed, reloading.
Watching for file changes with StatReloader
Could not initialize magic with MIME type detection: module 'magic' has no attribute 'Magic'
D:\codebre\Samsung Health\samsunghealth_radeshkk_20250511020679\health-dashboard\backend\health_data\utils.py changed, reloading.
Watching for file changes with StatReloader
Could not initialize magic with MIME type detection: module 'magic' has no attribute 'Magic'
Watching for file changes with StatReloader
Watching for file changes with StatReloader
C:\Users\Dell\AppData\Local\Packages\PythonSoftwareFoundation.Python.3.12_qbz5n2kfra8p0\LocalCache\local-packages\Python312\site-packages\urllib3\_version.py changed, reloading.
C:\Users\Dell\AppData\Local\Packages\PythonSoftwareFoundation.Python.3.12_qbz5n2kfra8p0\LocalCache\local-packages\Python312\site-packages\urllib3\_collections.py changed, reloading.
C:\Users\Dell\AppData\Local\Packages\PythonSoftwareFoundation.Python.3.12_qbz5n2kfra8p0\LocalCache\local-packages\Python312\site-packages\urllib3\util\wait.py changed, reloading.
Watching for file changes with StatReloader
Watching for file changes with StatReloader
Watching for file changes with StatReloader
C:\Users\Dell\AppData\Local\Packages\PythonSoftwareFoundation.Python.3.12_qbz5n2kfra8p0\LocalCache\local-packages\Python312\site-packages\coreapi\__init__.py changed, reloading.
C:\Users\Dell\AppData\Local\Packages\PythonSoftwareFoundation.Python.3.12_qbz5n2kfra8p0\LocalCache\local-packages\Python312\site-packages\coreapi\document.py changed, reloading.
C:\Users\Dell\AppData\Local\Packages\PythonSoftwareFoundation.Python.3.12_qbz5n2kfra8p0\LocalCache\local-packages\Python312\site-packages\coreapi\codecs\download.py changed, reloading.
Watching for file changes with StatReloader
Watching for file changes with StatReloader
Watching for file changes with StatReloader
C:\Users\Dell\AppData\Local\Packages\PythonSoftwareFoundation.Python.3.12_qbz5n2kfra8p0\LocalCache\local-packages\Python312\site-packages\coreapi\codecs\python.py changed, reloading.
C:\Users\Dell\AppData\Local\Packages\PythonSoftwareFoundation.Python.3.12_qbz5n2kfra8p0\LocalCache\local-packages\Python312\site-packages\coreapi\codecs\text.py changed, reloading.
C:\Users\Dell\AppData\Local\Packages\PythonSoftwareFoundation.Python.3.12_qbz5n2kfra8p0\LocalCache\local-packages\Python312\site-packages\coreapi\compat.py changed, reloading.
Watching for file changes with StatReloader
Watching for file changes with StatReloader
Watching for file changes with StatReloader
Watching for file changes with StatReloader
Watching for file changes with StatReloader
Could not initialize magic with MIME type detection: module 'magic' has no attribute 'Magic'
Watching for file changes with StatReloader
Could not initialize magic with MIME type detection: module 'magic' has no attribute 'Magic'
Watching for file changes with StatReloader
Watching for file changes with StatReloader
Watching for file changes with StatReloader
Could not initialize magic with MIME type detection: module 'magic' has no attribute 'Magic'
D:\codebre\Samsung Health\samsunghealth_radeshkk_20250511020679\health-dashboard\backend\health_dashboard\settings.py changed, reloading.
Watching for file changes with StatReloader
Could not initialize magic with MIME type detection: module 'magic' has no attribute 'Magic'
Watching for file changes with StatReloader
Could not initialize magic with MIME type detection: module 'magic' has no attribute 'Magic'
D:\codebre\Samsung Health\samsunghealth_radeshkk_20250511020679\health-dashboard\backend\health_dashboard\settings.py changed, reloading.
Watching for file changes with StatReloader
Could not initialize magic with MIME type detection: module 'magic' has no attribute 'Magic'
Watching for file changes with StatReloader
Watching for file changes with StatReloader
Could not initialize magic with MIME type detection: module 'magic' has no attribute 'Magic'
Watching for file changes with StatReloader
D:\codebre\Samsung Health\samsunghealth_radeshkk_20250511020679\health-dashboard\backend\health_data\utils.py changed, reloading.
Watching for file changes with StatReloader
Watching for file changes with StatReloader
Not Found: /api/dashboard/
"GET /api/dashboard/ HTTP/1.1" 404 7069
Not Found: /api/dashboard/
"GET /api/dashboard/ HTTP/1.1" 404 7069
Not Found: /api/dashboard/
"GET /api/dashboard/ HTTP/1.1" 404 7069
Not Found: /api/dashboard/
"GET /api/dashboard/ HTTP/1.1" 404 7069
Not Found: /api/dashboard/
"GET /api/dashboard/ HTTP/1.1" 404 7069
Not Found: /api/dashboard/
"GET /api/dashboard/ HTTP/1.1" 404 7069
Not Found: /api/dashboard/
"GET /api/dashboard/ HTTP/1.1" 404 7069
Not Found: /api/dashboard/
"GET /api/dashboard/ HTTP/1.1" 404 7069
Not Found: /api/dashboard/
"GET /api/dashboard/ HTTP/1.1" 404 7069
Not Found: /api/dashboard/
"GET /api/dashboard/ HTTP/1.1" 404 7069
Not Found: /api/dashboard/
"GET /api/dashboard/ HTTP/1.1" 404 7069
Not Found: /api/dashboard/
"GET /api/dashboard/ HTTP/1.1" 404 7069
Not Found: /api/dashboard/
"GET /api/dashboard/ HTTP/1.1" 404 7069
Not Found: /api/dashboard/
"GET /api/dashboard/ HTTP/1.1" 404 7069
Not Found: /api/dashboard/
"GET /api/dashboard/ HTTP/1.1" 404 7069
Not Found: /api/dashboard/
"GET /api/dashboard/ HTTP/1.1" 404 7069
Not Found: /api/dashboard/
"GET /api/dashboard/ HTTP/1.1" 404 7069
Not Found: /api/dashboard/
"GET /api/dashboard/ HTTP/1.1" 404 7069
Not Found: /api/dashboard/
"GET /api/dashboard/ HTTP/1.1" 404 7069
Not Found: /api/dashboard/
"GET /api/dashboard/ HTTP/1.1" 404 7069
Not Found: /api/dashboard/
"GET /api/dashboard/ HTTP/1.1" 404 7069
Not Found: /api/dashboard/
"GET /api/dashboard/ HTTP/1.1" 404 7069
Not Found: /api/dashboard/
"GET /api/dashboard/ HTTP/1.1" 404 7069
Not Found: /api/dashboard/
"GET /api/dashboard/ HTTP/1.1" 404 7069
Not Found: /api/dashboard/
"GET /api/dashboard/ HTTP/1.1" 404 7069
Not Found: /api/dashboard/
"GET /api/dashboard/ HTTP/1.1" 404 7069
Not Found: /api/dashboard/
"GET /api/dashboard/ HTTP/1.1" 404 7069
Not Found: /api/dashboard/
"GET /api/dashboard/ HTTP/1.1" 404 7069
